<?xml version="1.0" encoding="UTF-8"?>
<!-- Generated by org.testng.reporters.JUnitReportReporter -->
<testsuite hostname="SYB-LP-ITS-008" failures="0" tests="3" name="pack1.fileTest" time="76.239" errors="0" timestamp="03 Oct 2019 08:03:30 GMT" skipped="0">
  <testcase classname="pack1.fileTest" name="launchbrowser" time="17.715"/>
  <testcase classname="pack1.fileTest" name="login" time="30.803"/>
  <testcase classname="pack1.fileTest" name="mail" time="27.721"/>
</testsuite> <!-- pack1.fileTest -->
