<?xml version="1.0" encoding="UTF-8"?>
<!-- Generated by org.testng.reporters.JUnitReportReporter -->
<testsuite skipped="0" hostname="SYB-LP-ITS-008" name="pack1.fileTest" tests="3" failures="0" timestamp="03 Oct 2019 08:06:06 GMT" time="74.172" errors="0">
  <testcase name="launchbrowser" time="15.710" classname="pack1.fileTest"/>
  <testcase name="login" time="30.816" classname="pack1.fileTest"/>
  <testcase name="mail" time="27.646" classname="pack1.fileTest"/>
</testsuite> <!-- pack1.fileTest -->
